<?xml version="1.0" encoding="UTF-8" ?>
<testsuite failures="0" time="0.009" errors="0" skipped="17" tests="17" name="tests.ClientTest">
  <properties>
    <property name="java.runtime.name" value="Java(TM) SE Runtime Environment"/>
    <property name="sun.boot.library.path" value="/opt/devel/jdk1.6.0_27/jre/lib/i386"/>
    <property name="java.vm.version" value="20.2-b06"/>
    <property name="java.vm.vendor" value="Sun Microsystems Inc."/>
    <property name="java.vendor.url" value="http://java.sun.com/"/>
    <property name="path.separator" value=":"/>
    <property name="java.vm.name" value="Java HotSpot(TM) Client VM"/>
    <property name="file.encoding.pkg" value="sun.io"/>
    <property name="user.country" value="PL"/>
    <property name="sun.java.launcher" value="SUN_STANDARD"/>
    <property name="sun.os.patch.level" value="unknown"/>
    <property name="java.vm.specification.name" value="Java Virtual Machine Specification"/>
    <property name="user.dir" value="/home/student/git/MotoStore_Maven"/>
    <property name="java.runtime.version" value="1.6.0_27-b07"/>
    <property name="java.awt.graphicsenv" value="sun.awt.X11GraphicsEnvironment"/>
    <property name="basedir" value="/home/student/git/MotoStore_Maven"/>
    <property name="java.endorsed.dirs" value="/opt/devel/jdk1.6.0_27/jre/lib/endorsed"/>
    <property name="os.arch" value="i386"/>
    <property name="surefire.real.class.path" value="/home/student/git/MotoStore_Maven/target/surefire/surefirebooter3200222691292129516.jar"/>
    <property name="java.io.tmpdir" value="/tmp"/>
    <property name="line.separator" value="
"/>
    <property name="java.vm.specification.vendor" value="Sun Microsystems Inc."/>
    <property name="os.name" value="Linux"/>
    <property name="sun.jnu.encoding" value="UTF-8"/>
    <property name="java.library.path" value="/opt/devel/jdk1.6.0_27/jre/lib/i386/client:/opt/devel/jdk1.6.0_27/jre/lib/i386:/opt/devel/jdk1.6.0_27/jre/../lib/i386:/opt/devel/jdk1.6.0_27/jre/lib/i386/client:/opt/devel/jdk1.6.0_27/jre/lib/i386::/usr/java/packages/lib/i386:/lib:/usr/lib"/>
    <property name="surefire.test.class.path" value="/home/student/git/MotoStore_Maven/target/test-classes:/home/student/git/MotoStore_Maven/target/classes:/opt/devel/maven_repo/junit/junit/4.10/junit-4.10.jar:/opt/devel/maven_repo/org/hamcrest/hamcrest-core/1.1/hamcrest-core-1.1.jar:/opt/devel/maven_repo/log4j/log4j/1.2.16/log4j-1.2.16.jar:/opt/devel/maven_repo/org/hsqldb/hsqldb/2.2.4/hsqldb-2.2.4.jar:"/>
    <property name="java.specification.name" value="Java Platform API Specification"/>
    <property name="java.class.version" value="50.0"/>
    <property name="sun.management.compiler" value="HotSpot Client Compiler"/>
    <property name="os.version" value="2.6.38-11-generic"/>
    <property name="user.home" value="/home/student"/>
    <property name="user.timezone" value=""/>
    <property name="java.awt.printerjob" value="sun.print.PSPrinterJob"/>
    <property name="file.encoding" value="UTF-8"/>
    <property name="java.specification.version" value="1.6"/>
    <property name="user.name" value="student"/>
    <property name="java.class.path" value="/home/student/git/MotoStore_Maven/target/test-classes:/home/student/git/MotoStore_Maven/target/classes:/opt/devel/maven_repo/junit/junit/4.10/junit-4.10.jar:/opt/devel/maven_repo/org/hamcrest/hamcrest-core/1.1/hamcrest-core-1.1.jar:/opt/devel/maven_repo/log4j/log4j/1.2.16/log4j-1.2.16.jar:/opt/devel/maven_repo/org/hsqldb/hsqldb/2.2.4/hsqldb-2.2.4.jar:"/>
    <property name="java.vm.specification.version" value="1.0"/>
    <property name="sun.arch.data.model" value="32"/>
    <property name="java.home" value="/opt/devel/jdk1.6.0_27/jre"/>
    <property name="sun.java.command" value="/home/student/git/MotoStore_Maven/target/surefire/surefirebooter3200222691292129516.jar /home/student/git/MotoStore_Maven/target/surefire/surefire4849964943327790133tmp /home/student/git/MotoStore_Maven/target/surefire/surefire7278330674612985914tmp"/>
    <property name="java.specification.vendor" value="Sun Microsystems Inc."/>
    <property name="user.language" value="pl"/>
    <property name="java.vm.info" value="mixed mode, sharing"/>
    <property name="java.version" value="1.6.0_27"/>
    <property name="java.ext.dirs" value="/opt/devel/jdk1.6.0_27/jre/lib/ext:/usr/java/packages/lib/ext"/>
    <property name="sun.boot.class.path" value="/opt/devel/jdk1.6.0_27/jre/lib/resources.jar:/opt/devel/jdk1.6.0_27/jre/lib/rt.jar:/opt/devel/jdk1.6.0_27/jre/lib/sunrsasign.jar:/opt/devel/jdk1.6.0_27/jre/lib/jsse.jar:/opt/devel/jdk1.6.0_27/jre/lib/jce.jar:/opt/devel/jdk1.6.0_27/jre/lib/charsets.jar:/opt/devel/jdk1.6.0_27/jre/lib/modules/jdk.boot.jar:/opt/devel/jdk1.6.0_27/jre/classes"/>
    <property name="java.vendor" value="Sun Microsystems Inc."/>
    <property name="localRepository" value="/opt/devel/maven_repo"/>
    <property name="file.separator" value="/"/>
    <property name="java.vendor.url.bug" value="http://java.sun.com/cgi-bin/bugreport.cgi"/>
    <property name="sun.cpu.endian" value="little"/>
    <property name="sun.io.unicode.encoding" value="UnicodeLittle"/>
    <property name="sun.cpu.isalist" value=""/>
  </properties>
  <testcase time="0.018" classname="tests.ClientTest" name="testClient">
    <skipped/>
  </testcase>
  <testcase time="0.018" classname="tests.ClientTest" name="testAddMotorcycle">
    <skipped/>
  </testcase>
  <testcase time="0.018" classname="tests.ClientTest" name="testDeleteMotorcycle">
    <skipped/>
  </testcase>
  <testcase time="0.019" classname="tests.ClientTest" name="testDeleteAllMotorcycle">
    <skipped/>
  </testcase>
  <testcase time="0.019" classname="tests.ClientTest" name="testEditMotorcyclePrice">
    <skipped/>
  </testcase>
  <testcase time="0.019" classname="tests.ClientTest" name="testEditMotorcycleYearOfManufacture">
    <skipped/>
  </testcase>
  <testcase time="0.019" classname="tests.ClientTest" name="testFindAllMotorcycleByBrand">
    <skipped/>
  </testcase>
  <testcase time="0.019" classname="tests.ClientTest" name="testFindAllMotorcycleByModel">
    <skipped/>
  </testcase>
  <testcase time="0.019" classname="tests.ClientTest" name="testFindAllMotorcycleByYearOfManufacture">
    <skipped/>
  </testcase>
  <testcase time="0.019" classname="tests.ClientTest" name="testPrintClient">
    <skipped/>
  </testcase>
  <testcase time="0.02" classname="tests.ClientTest" name="testPrintMotoCatalog">
    <skipped/>
  </testcase>
  <testcase time="0.02" classname="tests.ClientTest" name="testGetFirstName">
    <skipped/>
  </testcase>
  <testcase time="0.02" classname="tests.ClientTest" name="testSetFirstName">
    <skipped/>
  </testcase>
  <testcase time="0.02" classname="tests.ClientTest" name="testGetSurname">
    <skipped/>
  </testcase>
  <testcase time="0.02" classname="tests.ClientTest" name="testSetSurname">
    <skipped/>
  </testcase>
  <testcase time="0.02" classname="tests.ClientTest" name="testGetMotoCatalog">
    <skipped/>
  </testcase>
  <testcase time="0.02" classname="tests.ClientTest" name="testSetMotoCatalog">
    <skipped/>
  </testcase>
</testsuite>